环境变量文件读取日志 - 2026-04-19 09:57:58.311580
============================================================
.env 文件路径: D:\Code兼职工作\Trae_Solo_Coder\MiniMaxApiPlan\.env
读取时间: 2026-04-19 09:57:58.311580
总行数: 30
============================================================
文件内容:
------------------------------------------------------------
APP_NAME=MiniMax API Plan
APP_VERSION=1.0.0
APP_DEBUG=true
APP_ALLOWED_ORIGINS=["*"]
APP_LOG_DIR=logs
APP_LOG_LEVEL=DEBUG
APP_LOG_TO_FILE=true
APP_LOG_TO_CONSOLE=true

MINIMAX_API_KEY="your_api_key_here"
MINIMAX_GROUP_ID=
MINIMAX_BASE_URL=https://api.minimaxi.com/v1/text/chatcompletion_v2
MINIMAX_DEFAULT_MODEL=MiniMax-M2.7
MINIMAX_TIMEOUT=180.0 

ENABLE_EVALUATION=false
EVALUATION_MODEL=MiniMax-M2.7

DB_DRIVER=mysql+aiomysql
DB_HOST=192.168.9.101
DB_PORT=3306
DB_USERNAME=***
DB_PASSWORD=****
DB_DATABASE=minimax_api_plan
DB_CHARSET=utf8mb4

DB_POOL_SIZE=10
DB_MAX_OVERFLOW=5
DB_POOL_RECYCLE=3600
DB_ECHO=false
------------------------------------------------------------
日志生成时间: 2026-04-19 09:57:58.311580
